11:14:33 **** Incremental Build of configuration Debug for project ADC ****
make all 
Building file: ../main.c
Invoking: AVR Compiler
avr-gcc -Wall -g2 -gstabs -O0 -fpack-struct -fshort-enums -ffunction-sections -fdata-sections -std=gnu99 -funsigned-char -funsigned-bitfields -mmcu=atmega32 -DF_CPU=8000000UL -MMD -MP -MF"main.d" -MT"main.o" -c -o "main.o" "../main.c"
In file included from ../main.c:9:
e:/imt/imt_sdk_win_64/winavr/lib/gcc/../../avr/include/util/delay.h:90:3: warning: #warning "Compiler optimizations disabled; functions from <util/delay.h> won't work as designed"
../main.c:16: warning: return type of 'main' is not 'int'
../main.c: In function 'main':
../main.c:66: warning: passing argument 1 of 'LCD_vidWriteString' from incompatible pointer type
../main.c:69: warning: passing argument 1 of 'LCD_vidWriteString' from incompatible pointer type
../main.c:75: warning: passing argument 1 of 'LCD_vidWriteString' from incompatible pointer type
Finished building: ../main.c
 
Building target: ADC.elf
Invoking: AVR C Linker
avr-gcc -Wl,-Map,ADC.map -mmcu=atmega32 -o "ADC.elf"  ./ADC_prog.o ./DIO_prog.o ./LCD_Prog.o ./main.o   
Finished building target: ADC.elf
 
Invoking: AVR Create Extended Listing
avr-objdump -h -S ADC.elf  >"ADC.lss"
Finished building: ADC.lss
 
Create Flash image (ihex format)
avr-objcopy -R .eeprom -R .fuse -R .lock -R .signature -O ihex ADC.elf  "ADC.hex"
Finished building: ADC.hex
 
Invoking: Print Size
avr-size --format=avr --mcu=atmega32 ADC.elf
AVR Memory Usage
----------------
Device: atmega32

Program:    8352 bytes (25.5% Full)
(.text + .data + .bootloader)

Data:         30 bytes (1.5% Full)
(.data + .bss + .noinit)


Finished building: sizedummy
 

11:14:36 Build Finished (took 3s.124ms)

