09:54:19 **** Incremental Build of configuration Debug for project KEYPAD_Driver ****
make all 
Building file: ../main.c
Invoking: AVR Compiler
avr-gcc -Wall -g2 -gstabs -O0 -fpack-struct -fshort-enums -ffunction-sections -fdata-sections -std=gnu99 -funsigned-char -funsigned-bitfields -mmcu=atmega32 -DF_CPU=8000000UL -MMD -MP -MF"main.d" -MT"main.o" -c -o "main.o" "../main.c"
../main.c:17: warning: return type of 'main' is not 'int'
Finished building: ../main.c
 
Building target: KEYPAD_Driver.elf
Invoking: AVR C Linker
avr-gcc -Wl,-Map,KEYPAD_Driver.map -mmcu=atmega32 -o "KEYPAD_Driver.elf"  ./DIO_prog.o ./KEYPAD_Prog.o ./main.o   
Finished building target: KEYPAD_Driver.elf
 
Invoking: AVR Create Extended Listing
avr-objdump -h -S KEYPAD_Driver.elf  >"KEYPAD_Driver.lss"
Finished building: KEYPAD_Driver.lss
 
Create Flash image (ihex format)
avr-objcopy -R .eeprom -R .fuse -R .lock -R .signature -O ihex KEYPAD_Driver.elf  "KEYPAD_Driver.hex"
Finished building: KEYPAD_Driver.hex
 
Invoking: Print Size
avr-size --format=avr --mcu=atmega32 KEYPAD_Driver.elf
AVR Memory Usage
----------------
Device: atmega32

Program:    5054 bytes (15.4% Full)
(.text + .data + .bootloader)

Data:         24 bytes (1.2% Full)
(.data + .bss + .noinit)


Finished building: sizedummy
 
Invoking: AVRDude
E:\IMT\IMT_SDK_Win_64\WinAVR\bin\avrdude -pm32 -cusbasp -Uflash:w:KEYPAD_Driver.hex:a

avrdude: warning: cannot set sck period. please check for usbasp firmware update.
avrdude: AVR device initialized and ready to accept instructions

Reading | ################################################## | 100% 0.00s

avrdude: Device signature = 0x1e9502
avrdude: NOTE: FLASH memory has been specified, an erase cycle will be performed
         To disable this feature, specify the -D option.
avrdude: erasing chip
avrdude: warning: cannot set sck period. please check for usbasp firmware update.
avrdude: reading input file "KEYPAD_Driver.hex"
avrdude: input file KEYPAD_Driver.hex auto detected as Intel Hex
avrdude: writing flash (5054 bytes):

Writing | ################################################## | 100% 4.84s

avrdude: 5054 bytes of flash written
avrdude: verifying flash memory against KEYPAD_Driver.hex:
avrdude: load data flash data from input file KEYPAD_Driver.hex:
avrdude: input file KEYPAD_Driver.hex auto detected as Intel Hex
avrdude: input file KEYPAD_Driver.hex contains 5054 bytes
avrdude: reading on-chip flash data:

Reading | ################################################## | 100% 2.58s

avrdude: verifying ...
avrdude: 5054 bytes of flash verified

avrdude done.  Thank you.

Finished building: avrdudedummy
 

09:54:28 Build Finished (took 8s.623ms)

