21:08:24 **** Incremental Build of configuration Debug for project LCD_Driver ****
make all 
Building file: ../LCD_Prog.c
Invoking: AVR Compiler
avr-gcc -Wall -g2 -gstabs -O0 -fpack-struct -fshort-enums -ffunction-sections -fdata-sections -std=gnu99 -funsigned-char -funsigned-bitfields -mmcu=atmega32 -DF_CPU=8000000UL -MMD -MP -MF"LCD_Prog.d" -MT"LCD_Prog.o" -c -o "LCD_Prog.o" "../LCD_Prog.c"
In file included from ../LCD_Prog.c:10:
e:/imt/imt_sdk_win_64/winavr/lib/gcc/../../avr/include/util/delay.h:90:3: warning: #warning "Compiler optimizations disabled; functions from <util/delay.h> won't work as designed"
../LCD_Prog.c: In function 'LCD_vidWriteExtraChar':
../LCD_Prog.c:155: warning: unused variable 'iteration2'
../LCD_Prog.c: In function 'LCD_Sinusoidalstring':
../LCD_Prog.c:197: warning: passing argument 1 of 'LCD_vidWriteString' makes pointer from integer without a cast
../LCD_Prog.c:219: warning: passing argument 1 of 'LCD_vidWriteString' makes pointer from integer without a cast
Finished building: ../LCD_Prog.c
 
Building target: LCD_Driver.elf
Invoking: AVR C Linker
avr-gcc -Wl,-Map,LCD_Driver.map -mmcu=atmega32 -o "LCD_Driver.elf"  ./DIO_prog.o ./LCD_Prog.o ./main.o   
Finished building target: LCD_Driver.elf
 
Invoking: AVR Create Extended Listing
avr-objdump -h -S LCD_Driver.elf  >"LCD_Driver.lss"
Finished building: LCD_Driver.lss
 
Create Flash image (ihex format)
avr-objcopy -R .eeprom -R .fuse -R .lock -R .signature -O ihex LCD_Driver.elf  "LCD_Driver.hex"
Finished building: LCD_Driver.hex
 
Invoking: Print Size
avr-size --format=avr --mcu=atmega32 LCD_Driver.elf
AVR Memory Usage
----------------
Device: atmega32

Program:   11504 bytes (35.1% Full)
(.text + .data + .bootloader)

Data:         56 bytes (2.7% Full)
(.data + .bss + .noinit)


Finished building: sizedummy
 

21:08:28 Build Finished (took 4s.358ms)

